<?xml version="1.0" encoding="UTF-8"?>
<testng-results skipped="0" failed="0" total="1" passed="1">
  <reporter-output>
  </reporter-output>
  <suite name="Default suite" duration-ms="63748" started-at="2015-04-28T17:09:51Z" finished-at="2015-04-28T17:10:54Z">
    <groups>
    </groups>
    <test name="Default test" duration-ms="63748" started-at="2015-04-28T17:09:51Z" finished-at="2015-04-28T17:10:54Z">
      <class name="com.magnet.mmx.selenium.WizardCustomInstall_TestNG">
        <test-method status="PASS" signature="setUp()[pri:0, instance:com.magnet.mmx.selenium.WizardCustomInstall_TestNG@4563e9ab]" name="setUp" is-config="true" duration-ms="2487" started-at="2015-04-28T10:09:51Z" finished-at="2015-04-28T10:09:53Z">
          <reporter-output>
          </reporter-output>
        </test-method> <!-- setUp -->
        <test-method status="PASS" signature="Sign_inNout()[pri:0, instance:com.magnet.mmx.selenium.WizardCustomInstall_TestNG@4563e9ab]" name="Sign_inNout" duration-ms="61176" started-at="2015-04-28T10:09:53Z" finished-at="2015-04-28T10:10:54Z">
          <reporter-output>
          </reporter-output>
        </test-method> <!-- Sign_inNout -->
        <test-method status="PASS" signature="tearDown()[pri:0, instance:com.magnet.mmx.selenium.WizardCustomInstall_TestNG@4563e9ab]" name="tearDown" is-config="true" duration-ms="73" started-at="2015-04-28T10:10:54Z" finished-at="2015-04-28T10:10:54Z">
          <reporter-output>
          </reporter-output>
        </test-method> <!-- tearDown -->
      </class> <!-- com.magnet.mmx.selenium.WizardCustomInstall_TestNG -->
    </test> <!-- Default test -->
  </suite> <!-- Default suite -->
</testng-results>
